Dataset Shape: (42734, 67)
Fold 1/5--------------------------
Training Fold Label Distr: {0: 1318, 1: 565}
Best Parameters: {'C': 1.5264179671752334}
MODEL Train:
	Accuracy: 0.7371
	Precision: 0.6862
	Recall: 0.2283
	F1-score: 0.3426
	AUC: 0.6932
Optimal Threshold (Max Youden's J): 7.2600
FRAX Train:
	Accuracy: 0.6001
	Precision: 0.3776
	Recall: 0.5133
	F1-score: 0.4351
	AUC: 0.5978
Test Fold Label Distr: {0: 8406, 1: 141}
MODEL Test:
	Accuracy: 0.9138
	Precision: 0.0443
	Recall: 0.2057
	F1-score: 0.0730
	AUC: 0.6962
FRAX Test:
	Accuracy: 0.6082
	Precision: 0.0232
	Recall: 0.5532
	F1-score: 0.0445
	AUC: 0.6078


Fold 2/5--------------------------
Training Fold Label Distr: {0: 1318, 1: 565}
Best Parameters: {'C': 0.9540954763499944}
MODEL Train:
	Accuracy: 0.7228
	Precision: 0.5991
	Recall: 0.2301
	F1-score: 0.3325
	AUC: 0.7117
Optimal Threshold (Max Youden's J): 7.2400
FRAX Train:
	Accuracy: 0.6086
	Precision: 0.3900
	Recall: 0.5398
	F1-score: 0.4529
	AUC: 0.6185
Test Fold Label Distr: {0: 8406, 1: 141}
MODEL Test:
	Accuracy: 0.9145
	Precision: 0.0405
	Recall: 0.1844
	F1-score: 0.0664
	AUC: 0.6362
FRAX Test:
	Accuracy: 0.6089
	Precision: 0.0195
	Recall: 0.4610
	F1-score: 0.0374
	AUC: 0.5659


Fold 3/5--------------------------
Training Fold Label Distr: {0: 1318, 1: 565}
Best Parameters: {'C': 0.5963623316594643}
MODEL Train:
	Accuracy: 0.7265
	Precision: 0.6359
	Recall: 0.2071
	F1-score: 0.3124
	AUC: 0.6934
Optimal Threshold (Max Youden's J): 8.4000
FRAX Train:
	Accuracy: 0.6367
	Precision: 0.3932
	Recall: 0.3876
	F1-score: 0.3904
	AUC: 0.5818
Test Fold Label Distr: {0: 8406, 1: 141}
MODEL Test:
	Accuracy: 0.9210
	Precision: 0.0412
	Recall: 0.1702
	F1-score: 0.0664
	AUC: 0.6259
FRAX Test:
	Accuracy: 0.7458
	Precision: 0.0261
	Recall: 0.3972
	F1-score: 0.0490
	AUC: 0.6082


Fold 4/5--------------------------
Training Fold Label Distr: {0: 1316, 1: 564}
Best Parameters: {'C': 7.9060432109077015}
MODEL Train:
	Accuracy: 0.7245
	Precision: 0.6211
	Recall: 0.2092
	F1-score: 0.3130
	AUC: 0.6959
Optimal Threshold (Max Youden's J): 8.2800
FRAX Train:
	Accuracy: 0.6346
	Precision: 0.3934
	Recall: 0.4025
	F1-score: 0.3979
	AUC: 0.5836
Test Fold Label Distr: {0: 8405, 1: 142}
MODEL Test:
	Accuracy: 0.9125
	Precision: 0.0491
	Recall: 0.2324
	F1-score: 0.0811
	AUC: 0.6677
FRAX Test:
	Accuracy: 0.7386
	Precision: 0.0245
	Recall: 0.3803
	F1-score: 0.0461
	AUC: 0.6093


Fold 5/5--------------------------
Training Fold Label Distr: {0: 1318, 1: 565}
Best Parameters: {'C': 3.906939937054621}
MODEL Train:
	Accuracy: 0.7361
	Precision: 0.6453
	Recall: 0.2673
	F1-score: 0.3780
	AUC: 0.7118
Optimal Threshold (Max Youden's J): 7.9000
FRAX Train:
	Accuracy: 0.6256
	Precision: 0.3930
	Recall: 0.4549
	F1-score: 0.4217
	AUC: 0.5968
Test Fold Label Distr: {0: 8405, 1: 141}
MODEL Test:
	Accuracy: 0.9048
	Precision: 0.0422
	Recall: 0.2199
	F1-score: 0.0708
	AUC: 0.6177
FRAX Test:
	Accuracy: 0.6863
	Precision: 0.0215
	Recall: 0.4043
	F1-score: 0.0408
	AUC: 0.5809


