Dataset Shape: (31470, 67)
Fold 1/5--------------------------
Training Fold Label Distr: {0: 6785, 1: 2908}
Best Parameters: {'C': 0.5963623316594643}
MODEL Train:
	Accuracy: 0.7042
	Precision: 0.5655
	Recall: 0.0609
	F1-score: 0.1099
	AUC: 0.6259
Optimal Threshold (Max Youden's J): 6.9800
FRAX Train:
	Accuracy: 0.5927
	Precision: 0.3637
	Recall: 0.4773
	F1-score: 0.4128
	AUC: 0.5836
Test Fold Label Distr: {0: 5567, 1: 727}
MODEL Test:
	Accuracy: 0.8664
	Precision: 0.2062
	Recall: 0.0550
	F1-score: 0.0869
	AUC: 0.5985
FRAX Test:
	Accuracy: 0.6214
	Precision: 0.1409
	Recall: 0.4470
	F1-score: 0.2143
	AUC: 0.5695


Fold 2/5--------------------------
Training Fold Label Distr: {0: 6785, 1: 2908}
Best Parameters: {'C': 0.5963623316594643}
MODEL Train:
	Accuracy: 0.7039
	Precision: 0.5565
	Recall: 0.0643
	F1-score: 0.1153
	AUC: 0.6297
Optimal Threshold (Max Youden's J): 7.0100
FRAX Train:
	Accuracy: 0.5948
	Precision: 0.3640
	Recall: 0.4694
	F1-score: 0.4100
	AUC: 0.5836
Test Fold Label Distr: {0: 5567, 1: 727}
MODEL Test:
	Accuracy: 0.8724
	Precision: 0.2625
	Recall: 0.0578
	F1-score: 0.0947
	AUC: 0.6027
FRAX Test:
	Accuracy: 0.6119
	Precision: 0.1398
	Recall: 0.4580
	F1-score: 0.2142
	AUC: 0.5753


Fold 3/5--------------------------
Training Fold Label Distr: {0: 6785, 1: 2908}
Best Parameters: {'C': 0.9540954763499944}
MODEL Train:
	Accuracy: 0.7056
	Precision: 0.5894
	Recall: 0.0612
	F1-score: 0.1109
	AUC: 0.6241
Optimal Threshold (Max Youden's J): 5.5600
FRAX Train:
	Accuracy: 0.5037
	Precision: 0.3364
	Recall: 0.6730
	F1-score: 0.4486
	AUC: 0.5751
Test Fold Label Distr: {0: 5567, 1: 727}
MODEL Test:
	Accuracy: 0.8718
	Precision: 0.2368
	Recall: 0.0495
	F1-score: 0.0819
	AUC: 0.6103
FRAX Test:
	Accuracy: 0.4611
	Precision: 0.1320
	Recall: 0.6575
	F1-score: 0.2199
	AUC: 0.5859


Fold 4/5--------------------------
Training Fold Label Distr: {0: 6785, 1: 2908}
Best Parameters: {'C': 1.5264179671752334}
MODEL Train:
	Accuracy: 0.7040
	Precision: 0.5627
	Recall: 0.0602
	F1-score: 0.1087
	AUC: 0.6234
Optimal Threshold (Max Youden's J): 6.9800
FRAX Train:
	Accuracy: 0.5920
	Precision: 0.3616
	Recall: 0.4704
	F1-score: 0.4089
	AUC: 0.5775
Test Fold Label Distr: {0: 5567, 1: 727}
MODEL Test:
	Accuracy: 0.8702
	Precision: 0.2527
	Recall: 0.0633
	F1-score: 0.1012
	AUC: 0.6131
FRAX Test:
	Accuracy: 0.6192
	Precision: 0.1462
	Recall: 0.4746
	F1-score: 0.2235
	AUC: 0.5923


Fold 5/5--------------------------
Training Fold Label Distr: {0: 6785, 1: 2908}
Best Parameters: {'C': 1.5264179671752334}
MODEL Train:
	Accuracy: 0.7045
	Precision: 0.5733
	Recall: 0.0591
	F1-score: 0.1072
	AUC: 0.6243
Optimal Threshold (Max Youden's J): 7.7900
FRAX Train:
	Accuracy: 0.6291
	Precision: 0.3784
	Recall: 0.3676
	F1-score: 0.3729
	AUC: 0.5799
Test Fold Label Distr: {0: 5567, 1: 727}
MODEL Test:
	Accuracy: 0.8718
	Precision: 0.2468
	Recall: 0.0536
	F1-score: 0.0881
	AUC: 0.6106
FRAX Test:
	Accuracy: 0.6873
	Precision: 0.1488
	Recall: 0.3618
	F1-score: 0.2109
	AUC: 0.5733


