Dataset Shape: (31470, 64)
Fold 1/5--------------------------
Training Fold Label Distr: {0: 6785, 1: 2908}
Best Parameters: {'l1_ratio': 0.0, 'C': 3.906939937054621}
MODEL Train:
	Accuracy: 0.6995
	Precision: 0.3684
	Recall: 0.0024
	F1-score: 0.0048
	AUC: 0.5790
Optimal Threshold (Max Youden's J): 6.9800
FRAX Train:
	Accuracy: 0.5927
	Precision: 0.3637
	Recall: 0.4773
	F1-score: 0.4128
	AUC: 0.5836
Test Fold Label Distr: {0: 5567, 1: 727}
FRAX Test:
	Accuracy: 0.6214
	Precision: 0.1409
	Recall: 0.4470
	F1-score: 0.2143
	AUC: 0.5695
MODEL Test:
	Accuracy: 0.8832
	Precision: 0.1000
	Recall: 0.0014
	F1-score: 0.0027
	AUC: 0.5613


Fold 2/5--------------------------
Training Fold Label Distr: {0: 6785, 1: 2908}
Best Parameters: {'l1_ratio': 0.0, 'C': 3.906939937054621}
MODEL Train:
	Accuracy: 0.6995
	Precision: 0.0000
	Recall: 0.0000
	F1-score: 0.0000
	AUC: 0.5713
Optimal Threshold (Max Youden's J): 7.0100
FRAX Train:
	Accuracy: 0.5948
	Precision: 0.3640
	Recall: 0.4694
	F1-score: 0.4100
	AUC: 0.5836
Test Fold Label Distr: {0: 5567, 1: 727}
FRAX Test:
	Accuracy: 0.6119
	Precision: 0.1398
	Recall: 0.4580
	F1-score: 0.2142
	AUC: 0.5753
MODEL Test:
	Accuracy: 0.8837
	Precision: 0.0000
	Recall: 0.0000
	F1-score: 0.0000
	AUC: 0.5368


Fold 3/5--------------------------
Training Fold Label Distr: {0: 6785, 1: 2908}
Best Parameters: {'l1_ratio': 0.0, 'C': 3.906939937054621}
MODEL Train:
	Accuracy: 0.6998
	Precision: 0.0000
	Recall: 0.0000
	F1-score: 0.0000
	AUC: 0.5668
Optimal Threshold (Max Youden's J): 5.5600
FRAX Train:
	Accuracy: 0.5037
	Precision: 0.3364
	Recall: 0.6730
	F1-score: 0.4486
	AUC: 0.5751
Test Fold Label Distr: {0: 5567, 1: 727}
FRAX Test:
	Accuracy: 0.4611
	Precision: 0.1320
	Recall: 0.6575
	F1-score: 0.2199
	AUC: 0.5859
MODEL Test:
	Accuracy: 0.8845
	Precision: 0.0000
	Recall: 0.0000
	F1-score: 0.0000
	AUC: 0.5745


Fold 4/5--------------------------
Training Fold Label Distr: {0: 6785, 1: 2908}
Best Parameters: {'l1_ratio': 0.0, 'C': 3.906939937054621}
MODEL Train:
	Accuracy: 0.7000
	Precision: 0.5000
	Recall: 0.0017
	F1-score: 0.0034
	AUC: 0.5750
Optimal Threshold (Max Youden's J): 6.9800
FRAX Train:
	Accuracy: 0.5920
	Precision: 0.3616
	Recall: 0.4704
	F1-score: 0.4089
	AUC: 0.5775
Test Fold Label Distr: {0: 5567, 1: 727}
FRAX Test:
	Accuracy: 0.6192
	Precision: 0.1462
	Recall: 0.4746
	F1-score: 0.2235
	AUC: 0.5923
MODEL Test:
	Accuracy: 0.8829
	Precision: 0.0000
	Recall: 0.0000
	F1-score: 0.0000
	AUC: 0.5717


Fold 5/5--------------------------
Training Fold Label Distr: {0: 6785, 1: 2908}
Best Parameters: {'l1_ratio': 0.0, 'C': 3.906939937054621}
MODEL Train:
	Accuracy: 0.6997
	Precision: 0.3333
	Recall: 0.0010
	F1-score: 0.0021
	AUC: 0.5738
Optimal Threshold (Max Youden's J): 7.7900
FRAX Train:
	Accuracy: 0.6291
	Precision: 0.3784
	Recall: 0.3676
	F1-score: 0.3729
	AUC: 0.5799
Test Fold Label Distr: {0: 5567, 1: 727}
FRAX Test:
	Accuracy: 0.6873
	Precision: 0.1488
	Recall: 0.3618
	F1-score: 0.2109
	AUC: 0.5733
MODEL Test:
	Accuracy: 0.8835
	Precision: 0.0000
	Recall: 0.0000
	F1-score: 0.0000
	AUC: 0.5605


