Dataset Shape: (74204, 64)
Fold 1/5--------------------------
Training Fold Label Distr: {0: 8103, 1: 3473}
Best Parameters: {'l1_ratio': 0.0, 'C': 3.906939937054621}
MODEL Train:
	Accuracy: 0.6995
	Precision: 0.4250
	Recall: 0.0049
	F1-score: 0.0097
	AUC: 0.6014
Optimal Threshold (Max Youden's J): 7.3700
FRAX Train:
	Accuracy: 0.5942
	Precision: 0.3578
	Recall: 0.4434
	F1-score: 0.3960
	AUC: 0.5684
Test Fold Label Distr: {0: 13973, 1: 868}
FRAX Test:
	Accuracy: 0.6365
	Precision: 0.0671
	Recall: 0.4044
	F1-score: 0.1151
	AUC: 0.5485
MODEL Test:
	Accuracy: 0.9376
	Precision: 0.0606
	Recall: 0.0046
	F1-score: 0.0086
	AUC: 0.5856


Fold 2/5--------------------------
Training Fold Label Distr: {0: 8103, 1: 3473}
Best Parameters: {'l1_ratio': 0.0, 'C': 3.906939937054621}
MODEL Train:
	Accuracy: 0.7000
	Precision: 0.5000
	Recall: 0.0023
	F1-score: 0.0046
	AUC: 0.5808
Optimal Threshold (Max Youden's J): 7.3900
FRAX Train:
	Accuracy: 0.5911
	Precision: 0.3511
	Recall: 0.4282
	F1-score: 0.3858
	AUC: 0.5631
Test Fold Label Distr: {0: 13973, 1: 868}
FRAX Test:
	Accuracy: 0.6390
	Precision: 0.0745
	Recall: 0.4528
	F1-score: 0.1280
	AUC: 0.5765
MODEL Test:
	Accuracy: 0.9399
	Precision: 0.0714
	Recall: 0.0023
	F1-score: 0.0045
	AUC: 0.5726


Fold 3/5--------------------------
Training Fold Label Distr: {0: 8103, 1: 3473}
Best Parameters: {'l1_ratio': 0.0, 'C': 3.906939937054621}
MODEL Train:
	Accuracy: 0.6992
	Precision: 0.3043
	Recall: 0.0020
	F1-score: 0.0040
	AUC: 0.5807
Optimal Threshold (Max Youden's J): 5.9000
FRAX Train:
	Accuracy: 0.5083
	Precision: 0.3331
	Recall: 0.6378
	F1-score: 0.4377
	AUC: 0.5663
Test Fold Label Distr: {0: 13973, 1: 868}
FRAX Test:
	Accuracy: 0.4669
	Precision: 0.0647
	Recall: 0.6025
	F1-score: 0.1168
	AUC: 0.5506
MODEL Test:
	Accuracy: 0.9404
	Precision: 0.0526
	Recall: 0.0012
	F1-score: 0.0023
	AUC: 0.5682


Fold 4/5--------------------------
Training Fold Label Distr: {0: 8101, 1: 3472}
Best Parameters: {'l1_ratio': 0.0, 'C': 3.906939937054621}
MODEL Train:
	Accuracy: 0.7000
	Precision: 0.0000
	Recall: 0.0000
	F1-score: 0.0000
	AUC: 0.5482
Optimal Threshold (Max Youden's J): 5.5500
FRAX Train:
	Accuracy: 0.4952
	Precision: 0.3327
	Recall: 0.6789
	F1-score: 0.4466
	AUC: 0.5657
Test Fold Label Distr: {0: 13972, 1: 869}
FRAX Test:
	Accuracy: 0.4193
	Precision: 0.0666
	Recall: 0.6847
	F1-score: 0.1213
	AUC: 0.5781
MODEL Test:
	Accuracy: 0.9414
	Precision: 0.0000
	Recall: 0.0000
	F1-score: 0.0000
	AUC: 0.5464


Fold 5/5--------------------------
Training Fold Label Distr: {0: 8103, 1: 3473}
Best Parameters: {'l1_ratio': 0.0, 'C': 3.906939937054621}
MODEL Train:
	Accuracy: 0.6991
	Precision: 0.3611
	Recall: 0.0037
	F1-score: 0.0074
	AUC: 0.6019
Optimal Threshold (Max Youden's J): 7.4700
FRAX Train:
	Accuracy: 0.5969
	Precision: 0.3548
	Recall: 0.4198
	F1-score: 0.3846
	AUC: 0.5662
Test Fold Label Distr: {0: 13972, 1: 868}
FRAX Test:
	Accuracy: 0.6505
	Precision: 0.0745
	Recall: 0.4355
	F1-score: 0.1272
	AUC: 0.5721
MODEL Test:
	Accuracy: 0.9379
	Precision: 0.0345
	Recall: 0.0023
	F1-score: 0.0043
	AUC: 0.6023


